2019/10/10 19:21:26 [INFO] Terraform version: 0.12.4  
2019/10/10 19:21:26 [INFO] Go runtime version: go1.12.4
2019/10/10 19:21:26 [INFO] CLI args: []string{"/usr/local/bin/terraform", "init"}
2019/10/10 19:21:26 [DEBUG] Attempting to open CLI config file: /home/codejamninja/.terraformrc
2019/10/10 19:21:26 [DEBUG] File doesn't exist, but doesn't need to. Ignoring.
2019/10/10 19:21:26 [INFO] CLI command args: []string{"init"}
2019/10/10 19:21:26 [TRACE] Meta.Backend: built configuration for "s3" backend with hash value 1754905181
2019/10/10 19:21:26 [TRACE] Meta.Backend: backend has not previously been initialized in this working directory
2019/10/10 19:21:26 [DEBUG] New state was assigned lineage "15bb805f-82aa-a7da-da7b-7fd4e1ef94ab"
2019/10/10 19:21:26 [TRACE] Meta.Backend: moving from default local state only to "s3" backend
2019/10/10 19:21:26 [INFO] Setting AWS metadata API timeout to 100ms
2019/10/10 19:21:27 [INFO] Ignoring AWS metadata API endpoint at default location as it doesn't return any instance-id
2019/10/10 19:21:27 [INFO] AWS Auth provider used: "SharedCredentialsProvider"
2019/10/10 19:21:27 [DEBUG] Trying to get account information via sts:GetCallerIdentity
2019/10/10 19:21:39 [DEBUG] checking for provider in "."
2019/10/10 19:21:39 [DEBUG] checking for provider in "/usr/local/bin"
2019/10/10 19:21:39 [DEBUG] checking for provisioner in "."
2019/10/10 19:21:39 [DEBUG] checking for provisioner in "/usr/local/bin"
2019/10/10 19:21:39 [INFO] Failed to read plugin lock file .terraform/plugins/linux_amd64/lock.json: open .terraform/plugins/linux_amd64/lock.json: no such file or directory
2019/10/10 19:21:39 [TRACE] backend/local: state manager for workspace "default" will:
 - read initial snapshot from terraform.tfstate
 - write new snapshots to terraform.tfstate
 - create any backup at terraform.tfstate.backup
2019/10/10 19:21:39 [TRACE] statemgr.Filesystem: reading initial snapshot from terraform.tfstate
2019/10/10 19:21:39 [TRACE] statemgr.Filesystem: snapshot file has nil snapshot, but that's okay
2019/10/10 19:21:39 [TRACE] statemgr.Filesystem: read nil snapshot
2019/10/10 19:21:39 [TRACE] Meta.Backend: ignoring local "default" workspace because its state is empty
2019/10/10 19:21:39 [DEBUG] New state was assigned lineage "5d19bfe7-43ff-e0bb-3518-e41e4dd73fb5"
2019/10/10 19:21:39 [TRACE] Preserving existing state lineage "5d19bfe7-43ff-e0bb-3518-e41e4dd73fb5"
2019/10/10 19:21:43 [TRACE] Meta.Backend: instantiated backend of type *s3.Backend
2019/10/10 19:21:43 [DEBUG] checking for provider in "."
2019/10/10 19:21:43 [DEBUG] checking for provider in "/usr/local/bin"
2019/10/10 19:21:43 [DEBUG] checking for provisioner in "."
2019/10/10 19:21:43 [DEBUG] checking for provisioner in "/usr/local/bin"
2019/10/10 19:21:43 [INFO] Failed to read plugin lock file .terraform/plugins/linux_amd64/lock.json: open .terraform/plugins/linux_amd64/lock.json: no such file or directory
2019/10/10 19:21:43 [TRACE] Meta.Backend: backend *s3.Backend does not support operations, so wrapping it in a local backend
2019/10/10 19:21:48 [DEBUG] checking for provider in "."
2019/10/10 19:21:48 [DEBUG] checking for provider in "/usr/local/bin"
2019/10/10 19:21:48 [DEBUG] plugin requirements: "tls"=""
2019/10/10 19:21:48 [DEBUG] plugin requirements: "template"=""
2019/10/10 19:21:48 [DEBUG] plugin requirements: "aws"=""
2019/10/10 19:21:48 [DEBUG] Service discovery for registry.terraform.io at https://registry.terraform.io/.well-known/terraform.json
2019/10/10 19:21:51 [DEBUG] fetching provider versions from "https://registry.terraform.io/v1/providers/-/tls/versions"
2019/10/10 19:21:59 [DEBUG] fetching provider location from "https://registry.terraform.io/v1/providers/hashicorp/tls/2.1.1/download/linux/amd64"
2019/10/10 19:22:17 [ERROR] error fetching checksums from "https://releases.hashicorp.com/terraform-provider-tls/2.1.1/terraform-provider-tls_2.1.1_SHA256SUMS": Get https://releases.hashicorp.com/terraform-provider-tls/2.1.1/terraform-provider-tls_2.1.1_SHA256SUMS: net/http: TLS handshake timeout
2019/10/10 19:22:17 [DEBUG] fetching provider versions from "https://registry.terraform.io/v1/providers/-/template/versions"
2019/10/10 19:22:20 [DEBUG] fetching provider location from "https://registry.terraform.io/v1/providers/hashicorp/template/2.1.2/download/linux/amd64"
panic: runtime error: invalid memory address or nil pointer dereference
[signal SIGSEGV: segmentation violation code=0x1 addr=0x50 pc=0xce6eb4]

goroutine 1 [running]:
github.com/hashicorp/terraform/plugin/discovery.(*ProviderInstaller).Get(0xc000332380, 0xc0000cf9a0, 0x8, 0x3313ca0, 0x0, 0x0, 0x0, 0x0, 0x0, 0x0, ...)
	/opt/teamcity-agent/work/9e329aa031982669/src/github.com/hashicorp/terraform/plugin/discovery/get.go:207 +0xf04
github.com/hashicorp/terraform/command.(*InitCommand).getProviders(0xc000587040, 0xc000332620, 0x0, 0x0, 0xc000257360, 0x0, 0x0, 0x0)
	/opt/teamcity-agent/work/9e329aa031982669/src/github.com/hashicorp/terraform/command/init.go:497 +0x415
github.com/hashicorp/terraform/command.(*InitCommand).Run(0xc000587040, 0xc0000c2010, 0x0, 0x0, 0xc0004ca0c0)
	/opt/teamcity-agent/work/9e329aa031982669/src/github.com/hashicorp/terraform/command/init.go:338 +0x1021
github.com/mitchellh/cli.(*CLI).Run(0xc000562000, 0xc000562000, 0xc000277d90, 0x1)
	/opt/teamcity-agent/work/9e329aa031982669/pkg/mod/github.com/mitchellh/cli@v1.0.0/cli.go:255 +0x1f1
main.wrappedMain(0x0)
	/opt/teamcity-agent/work/9e329aa031982669/src/github.com/hashicorp/terraform/main.go:223 +0xaff
main.realMain(0x0)
	/opt/teamcity-agent/work/9e329aa031982669/src/github.com/hashicorp/terraform/main.go:100 +0xb4
main.main()
	/opt/teamcity-agent/work/9e329aa031982669/src/github.com/hashicorp/terraform/main.go:36 +0x3b
